<?xml version="1.0" encoding="UTF-8"?>
<!-- Generated by org.testng.reporters.JUnitReportReporter -->
<testsuite hostname="Kparobos-MacBook-Pro-3.local" failures="0" tests="2" name="amorsevTest.loginTest" time="34.527" errors="0" timestamp="2024-06-28T04:51:36 WAT" skipped="0">
  <testcase classname="amorsevTest.loginTest" name="validCredentialsLoginTest" time="16.973"/>
  <testcase classname="amorsevTest.loginTest" name="invalidCredentialsLoginTest" time="17.554"/>
</testsuite> <!-- amorsevTest.loginTest -->
