<?xml version="1.0" encoding="UTF-8"?>
<!-- Generated by org.testng.reporters.JUnitReportReporter -->
<testsuite hostname="Kparobos-MacBook-Pro-3.local" failures="0" tests="2" name="amorsevTest.loginTest" time="25.906" errors="0" timestamp="2024-07-03T00:24:14 WAT" skipped="0">
  <testcase classname="amorsevTest.loginTest" name="invalidCredentialsLoginTest" time="11.891"/>
  <testcase classname="amorsevTest.loginTest" name="validCredentialsLoginTest" time="14.015"/>
</testsuite> <!-- amorsevTest.loginTest -->
