<?xml version="1.0" encoding="UTF-8"?>
<!-- Generated by org.testng.reporters.JUnitReportReporter -->
<testsuite hostname="Kparobos-MacBook-Pro-3.local" failures="0" tests="2" name="amorsevTest.loginTest" time="30.245" errors="0" timestamp="2024-07-03T18:13:49 WAT" skipped="0">
  <testcase classname="amorsevTest.loginTest" name="validCredentialsLoginTest" time="17.611"/>
  <testcase classname="amorsevTest.loginTest" name="invalidCredentialsLoginTest" time="12.634"/>
</testsuite> <!-- amorsevTest.loginTest -->
