<?xml version="1.0" encoding="UTF-8"?>
<!-- Generated by org.testng.reporters.JUnitReportReporter -->
<testsuite hostname="Kparobos-MacBook-Pro-3.local" failures="0" tests="2" name="amorsevTest.loginTest" time="24.937" errors="0" timestamp="2024-06-28T05:04:58 WAT" skipped="0">
  <testcase classname="amorsevTest.loginTest" name="validCredentialsLoginTest" time="12.916"/>
  <testcase classname="amorsevTest.loginTest" name="invalidCredentialsLoginTest" time="12.021"/>
</testsuite> <!-- amorsevTest.loginTest -->
